2023-11-01 12:09:42,150 [WARNING] django.request: Bad Request: /
2023-11-01 12:11:06,678 [WARNING] django.request: Bad Request: /
2023-11-01 12:11:07,055 [WARNING] django.request: Bad Request: /
2023-11-01 12:12:30,010 [WARNING] django.request: Bad Request: /
2023-11-01 12:14:38,903 [WARNING] django.request: Bad Request: /admin/
2023-11-01 12:15:28,440 [WARNING] django.request: Bad Request: /admin/
2023-11-01 12:15:33,466 [WARNING] django.request: Bad Request: /
2023-11-01 12:15:39,324 [WARNING] django.request: Bad Request: /
2023-11-01 12:15:42,166 [WARNING] django.request: Bad Request: /
2023-11-01 12:16:52,588 [WARNING] django.request: Bad Request: /
2023-11-01 12:20:54,562 [WARNING] django.request: Bad Request: /
2023-11-01 12:20:54,694 [WARNING] django.request: Bad Request: /
2023-11-01 12:20:54,823 [WARNING] django.request: Bad Request: /
2023-11-01 12:20:54,975 [WARNING] django.request: Bad Request: /
2023-11-01 12:21:06,460 [WARNING] django.request: Bad Request: /
2023-11-01 12:27:15,961 [WARNING] django.request: Bad Request: /
2023-11-01 12:36:03,119 [WARNING] django.request: Bad Request: /
2023-11-01 12:37:42,409 [WARNING] django.request: Bad Request: /
2023-11-01 12:37:49,758 [WARNING] django.request: Bad Request: /
2023-11-01 12:41:13,745 [WARNING] django.request: Bad Request: /
2023-11-01 12:41:15,071 [WARNING] django.request: Bad Request: /
2023-11-01 12:41:16,332 [WARNING] django.request: Bad Request: /
2023-11-01 12:41:16,692 [WARNING] django.request: Bad Request: /
2023-11-01 12:45:37,231 [WARNING] django.request: Bad Request: /
2023-11-01 13:02:04,190 [WARNING] django.request: Bad Request: /
2023-11-01 13:02:05,112 [WARNING] django.request: Bad Request: /
2023-11-01 13:02:29,928 [WARNING] django.request: Bad Request: /
2023-11-01 13:28:34,337 [WARNING] django.request: Bad Request: /
2023-11-01 13:55:23,098 [WARNING] django.request: Bad Request: /
2023-11-01 14:06:07,041 [WARNING] django.request: Bad Request: /
2023-11-01 14:06:08,633 [WARNING] django.request: Bad Request: /
2023-11-01 14:06:15,473 [WARNING] django.request: Bad Request: /admin
2023-11-01 14:08:58,893 [WARNING] django.request: Bad Request: /admin
2023-11-01 14:09:00,274 [WARNING] django.request: Bad Request: /admin
2023-11-01 14:15:37,592 [WARNING] django.request: Bad Request: /admin
2023-11-01 14:15:44,600 [WARNING] django.request: Bad Request: /
2023-11-01 14:15:46,621 [WARNING] django.request: Bad Request: /
2023-11-01 14:15:48,029 [WARNING] django.request: Bad Request: /
2023-11-01 14:15:49,223 [WARNING] django.request: Bad Request: /
2023-11-01 14:16:50,772 [WARNING] django.request: Bad Request: /
2023-11-01 14:16:52,228 [WARNING] django.request: Bad Request: /
2023-11-01 14:27:31,135 [WARNING] django.request: Bad Request: /
2023-11-01 14:29:41,389 [WARNING] django.request: Bad Request: /
2023-11-01 14:36:49,691 [WARNING] django.request: Bad Request: /
2023-11-01 14:55:48,277 [WARNING] django.request: Bad Request: /
2023-11-01 15:06:15,741 [WARNING] django.request: Bad Request: /
2023-11-01 15:07:25,435 [WARNING] django.request: Bad Request: /
2023-11-01 15:08:34,594 [WARNING] django.request: Bad Request: /
2023-11-01 15:11:00,737 [WARNING] django.request: Bad Request: /
2023-11-01 15:15:08,921 [WARNING] django.request: Bad Request: /
2023-11-01 15:15:10,301 [WARNING] django.request: Bad Request: /
2023-11-01 15:20:16,895 [WARNING] django.request: Not Found: /
2023-11-01 15:52:32,006 [WARNING] django.request: Not Found: /
2023-11-01 16:35:05,839 [WARNING] django.request: Not Found: /
2023-11-01 16:38:25,465 [WARNING] django.request: Not Found: /
2023-11-01 16:38:25,649 [WARNING] django.request: Not Found: /wp-includes/ID3/license.txt
2023-11-01 16:38:25,834 [WARNING] django.request: Not Found: /feed/
2023-11-01 16:38:26,018 [WARNING] django.request: Not Found: /xmlrpc.php
2023-11-01 16:38:26,201 [WARNING] django.request: Not Found: /blog/wp-includes/wlwmanifest.xml
2023-11-01 16:38:26,385 [WARNING] django.request: Not Found: /web/wp-includes/wlwmanifest.xml
2023-11-01 16:38:26,569 [WARNING] django.request: Not Found: /wordpress/wp-includes/wlwmanifest.xml
2023-11-01 16:38:26,752 [WARNING] django.request: Not Found: /wp/wp-includes/wlwmanifest.xml
2023-11-01 16:38:26,936 [WARNING] django.request: Not Found: /2020/wp-includes/wlwmanifest.xml
2023-11-01 16:38:27,119 [WARNING] django.request: Not Found: /2019/wp-includes/wlwmanifest.xml
2023-11-01 16:38:27,303 [WARNING] django.request: Not Found: /2021/wp-includes/wlwmanifest.xml
2023-11-01 16:38:27,487 [WARNING] django.request: Not Found: /shop/wp-includes/wlwmanifest.xml
2023-11-01 16:38:27,671 [WARNING] django.request: Not Found: /wp1/wp-includes/wlwmanifest.xml
2023-11-01 16:38:27,855 [WARNING] django.request: Not Found: /test/wp-includes/wlwmanifest.xml
2023-11-01 16:38:28,039 [WARNING] django.request: Not Found: /site/wp-includes/wlwmanifest.xml
2023-11-01 16:38:28,223 [WARNING] django.request: Not Found: /cms/wp-includes/wlwmanifest.xml
2023-11-01 16:39:08,114 [WARNING] django.request: Not Found: /
2023-11-01 16:39:25,824 [WARNING] django.request: Not Found: /
2023-11-01 17:03:54,270 [WARNING] django.request: Not Found: /
2023-11-01 17:11:47,591 [WARNING] django.request: Not Found: /
2023-11-01 17:11:48,180 [WARNING] django.request: Not Found: /
2023-11-01 17:11:52,394 [WARNING] django.request: Not Found: /
2023-11-01 17:11:52,946 [WARNING] django.request: Not Found: /
2023-11-01 17:11:53,273 [WARNING] django.request: Not Found: /
2023-11-01 17:17:57,319 [WARNING] django.request: Not Found: /
2023-11-01 17:23:08,646 [WARNING] django.request: Not Found: /
2023-11-01 19:04:10,782 [WARNING] django.request: Not Found: /
2023-11-01 19:12:26,512 [WARNING] django.request: Not Found: /
2023-11-01 20:15:15,600 [WARNING] django.request: Not Found: /
